mode: set
github.com/kevinjos/goedf/edf.go:43.51,52.29 8 1
github.com/kevinjos/goedf/edf.go:157.2,157.17 1 1
github.com/kevinjos/goedf/edf.go:52.29,53.10 1 1
github.com/kevinjos/goedf/edf.go:54.3,55.33 1 1
github.com/kevinjos/goedf/edf.go:56.3,57.48 1 1
github.com/kevinjos/goedf/edf.go:58.3,59.45 1 1
github.com/kevinjos/goedf/edf.go:60.3,61.50 1 1
github.com/kevinjos/goedf/edf.go:62.3,63.55 1 1
github.com/kevinjos/goedf/edf.go:64.3,65.54 1 1
github.com/kevinjos/goedf/edf.go:66.3,67.53 1 1
github.com/kevinjos/goedf/edf.go:68.3,69.53 1 1
github.com/kevinjos/goedf/edf.go:70.3,71.53 1 1
github.com/kevinjos/goedf/edf.go:72.3,73.47 1 1
github.com/kevinjos/goedf/edf.go:77.3,82.18 4 1
github.com/kevinjos/goedf/edf.go:85.4,86.15 2 1
github.com/kevinjos/goedf/edf.go:87.3,90.45 3 1
github.com/kevinjos/goedf/edf.go:91.3,93.15 2 1
github.com/kevinjos/goedf/edf.go:94.3,97.54 3 1
github.com/kevinjos/goedf/edf.go:98.3,100.15 2 1
github.com/kevinjos/goedf/edf.go:101.3,104.46 3 1
github.com/kevinjos/goedf/edf.go:105.3,107.15 2 1
github.com/kevinjos/goedf/edf.go:108.3,111.46 3 1
github.com/kevinjos/goedf/edf.go:112.3,114.15 2 1
github.com/kevinjos/goedf/edf.go:115.3,118.46 3 1
github.com/kevinjos/goedf/edf.go:119.3,121.15 2 1
github.com/kevinjos/goedf/edf.go:122.3,125.46 3 1
github.com/kevinjos/goedf/edf.go:126.3,128.15 2 1
github.com/kevinjos/goedf/edf.go:129.3,132.46 3 1
github.com/kevinjos/goedf/edf.go:133.3,135.15 2 1
github.com/kevinjos/goedf/edf.go:136.3,139.49 3 1
github.com/kevinjos/goedf/edf.go:140.3,142.15 2 1
github.com/kevinjos/goedf/edf.go:143.3,146.49 3 1
github.com/kevinjos/goedf/edf.go:147.3,149.15 2 1
github.com/kevinjos/goedf/edf.go:150.3,154.9 4 1
github.com/kevinjos/goedf/edf.go:82.18,84.5 1 0
github.com/kevinjos/goedf/edf.go:161.40,165.16 4 1
github.com/kevinjos/goedf/edf.go:168.2,168.18 1 1
github.com/kevinjos/goedf/edf.go:165.16,167.3 1 0
github.com/kevinjos/goedf/edf.go:171.38,176.2 1 1
github.com/kevinjos/goedf/edf.go:184.38,188.2 1 1
github.com/kevinjos/goedf/edf.go:196.50,200.2 3 1
github.com/kevinjos/goedf/edf.go:205.65,207.33 2 1
github.com/kevinjos/goedf/edf.go:215.2,215.23 1 1
github.com/kevinjos/goedf/edf.go:218.2,219.16 2 1
github.com/kevinjos/goedf/edf.go:222.2,225.15 4 1
github.com/kevinjos/goedf/edf.go:207.33,208.35 1 1
github.com/kevinjos/goedf/edf.go:208.35,210.4 1 0
github.com/kevinjos/goedf/edf.go:215.23,217.3 1 1
github.com/kevinjos/goedf/edf.go:219.16,221.3 1 0
github.com/kevinjos/goedf/edf.go:252.50,254.31 2 1
github.com/kevinjos/goedf/edf.go:261.2,262.12 2 1
github.com/kevinjos/goedf/edf.go:254.31,255.28 1 1
github.com/kevinjos/goedf/edf.go:258.3,259.12 2 1
github.com/kevinjos/goedf/edf.go:255.28,257.4 1 0
github.com/kevinjos/goedf/edf.go:265.55,267.39 2 1
github.com/kevinjos/goedf/edf.go:274.2,275.12 2 1
github.com/kevinjos/goedf/edf.go:267.39,268.28 1 1
github.com/kevinjos/goedf/edf.go:271.3,272.12 2 1
github.com/kevinjos/goedf/edf.go:268.28,270.4 1 0
github.com/kevinjos/goedf/edf.go:278.54,280.38 2 1
github.com/kevinjos/goedf/edf.go:287.2,288.12 2 1
github.com/kevinjos/goedf/edf.go:280.38,281.28 1 1
github.com/kevinjos/goedf/edf.go:284.3,285.12 2 1
github.com/kevinjos/goedf/edf.go:281.28,283.4 1 0
github.com/kevinjos/goedf/edf.go:291.55,293.34 2 1
github.com/kevinjos/goedf/edf.go:300.2,301.12 2 1
github.com/kevinjos/goedf/edf.go:293.34,294.28 1 1
github.com/kevinjos/goedf/edf.go:297.3,298.12 2 1
github.com/kevinjos/goedf/edf.go:294.28,296.4 1 0
github.com/kevinjos/goedf/edf.go:304.55,306.34 2 1
github.com/kevinjos/goedf/edf.go:313.2,314.12 2 1
github.com/kevinjos/goedf/edf.go:306.34,307.28 1 1
github.com/kevinjos/goedf/edf.go:310.3,311.12 2 1
github.com/kevinjos/goedf/edf.go:307.28,309.4 1 0
github.com/kevinjos/goedf/edf.go:317.53,319.33 2 1
github.com/kevinjos/goedf/edf.go:326.2,327.12 2 1
github.com/kevinjos/goedf/edf.go:319.33,320.28 1 1
github.com/kevinjos/goedf/edf.go:323.3,324.12 2 1
github.com/kevinjos/goedf/edf.go:320.28,322.4 1 0
github.com/kevinjos/goedf/edf.go:330.58,332.33 2 0
github.com/kevinjos/goedf/edf.go:339.2,340.12 2 0
github.com/kevinjos/goedf/edf.go:332.33,333.28 1 0
github.com/kevinjos/goedf/edf.go:336.3,337.12 2 0
github.com/kevinjos/goedf/edf.go:333.28,335.4 1 0
github.com/kevinjos/goedf/edf.go:343.48,345.28 2 1
github.com/kevinjos/goedf/edf.go:351.2,352.12 2 1
github.com/kevinjos/goedf/edf.go:345.28,346.28 1 1
github.com/kevinjos/goedf/edf.go:349.3,349.29 1 1
github.com/kevinjos/goedf/edf.go:346.28,348.4 1 0
github.com/kevinjos/goedf/edf.go:355.41,357.27 2 1
github.com/kevinjos/goedf/edf.go:364.2,365.12 2 1
github.com/kevinjos/goedf/edf.go:357.27,358.28 1 1
github.com/kevinjos/goedf/edf.go:361.3,362.12 2 1
github.com/kevinjos/goedf/edf.go:358.28,360.4 1 0
github.com/kevinjos/goedf/edf.go:368.51,371.16 3 1
github.com/kevinjos/goedf/edf.go:374.2,375.33 2 1
github.com/kevinjos/goedf/edf.go:385.2,385.12 1 1
github.com/kevinjos/goedf/edf.go:371.16,373.3 1 0
github.com/kevinjos/goedf/edf.go:375.33,376.31 1 1
github.com/kevinjos/goedf/edf.go:383.3,383.39 1 1
github.com/kevinjos/goedf/edf.go:376.31,377.29 1 1
github.com/kevinjos/goedf/edf.go:380.4,381.13 2 1
github.com/kevinjos/goedf/edf.go:377.29,379.5 1 0
github.com/kevinjos/goedf/edf.go:388.57,391.16 3 1
github.com/kevinjos/goedf/edf.go:394.2,395.27 2 1
github.com/kevinjos/goedf/edf.go:405.2,405.12 1 1
github.com/kevinjos/goedf/edf.go:391.16,393.3 1 0
github.com/kevinjos/goedf/edf.go:395.27,396.28 1 1
github.com/kevinjos/goedf/edf.go:403.3,403.48 1 1
github.com/kevinjos/goedf/edf.go:396.28,397.29 1 1
github.com/kevinjos/goedf/edf.go:400.4,401.13 2 1
github.com/kevinjos/goedf/edf.go:397.29,399.5 1 0
github.com/kevinjos/goedf/edf.go:408.64,411.16 3 1
github.com/kevinjos/goedf/edf.go:414.2,415.35 2 1
github.com/kevinjos/goedf/edf.go:425.2,425.12 1 1
github.com/kevinjos/goedf/edf.go:411.16,413.3 1 0
github.com/kevinjos/goedf/edf.go:415.35,416.32 1 1
github.com/kevinjos/goedf/edf.go:423.3,423.40 1 1
github.com/kevinjos/goedf/edf.go:416.32,417.29 1 1
github.com/kevinjos/goedf/edf.go:420.4,421.13 2 1
github.com/kevinjos/goedf/edf.go:417.29,419.5 1 0
github.com/kevinjos/goedf/edf.go:428.58,431.16 3 1
github.com/kevinjos/goedf/edf.go:434.2,435.35 2 1
github.com/kevinjos/goedf/edf.go:445.2,445.12 1 1
github.com/kevinjos/goedf/edf.go:431.16,433.3 1 0
github.com/kevinjos/goedf/edf.go:435.35,436.32 1 1
github.com/kevinjos/goedf/edf.go:443.3,443.40 1 1
github.com/kevinjos/goedf/edf.go:436.32,437.29 1 1
github.com/kevinjos/goedf/edf.go:440.4,441.13 2 1
github.com/kevinjos/goedf/edf.go:437.29,439.5 1 0
github.com/kevinjos/goedf/edf.go:448.58,451.16 3 1
github.com/kevinjos/goedf/edf.go:454.2,455.35 2 1
github.com/kevinjos/goedf/edf.go:465.2,465.12 1 1
github.com/kevinjos/goedf/edf.go:451.16,453.3 1 0
github.com/kevinjos/goedf/edf.go:455.35,456.32 1 1
github.com/kevinjos/goedf/edf.go:463.3,463.40 1 1
github.com/kevinjos/goedf/edf.go:456.32,457.29 1 1
github.com/kevinjos/goedf/edf.go:460.4,461.13 2 1
github.com/kevinjos/goedf/edf.go:457.29,459.5 1 0
github.com/kevinjos/goedf/edf.go:468.57,471.16 3 1
github.com/kevinjos/goedf/edf.go:474.2,475.35 2 1
github.com/kevinjos/goedf/edf.go:485.2,485.12 1 1
github.com/kevinjos/goedf/edf.go:471.16,473.3 1 0
github.com/kevinjos/goedf/edf.go:475.35,476.32 1 1
github.com/kevinjos/goedf/edf.go:483.3,483.40 1 1
github.com/kevinjos/goedf/edf.go:476.32,477.29 1 1
github.com/kevinjos/goedf/edf.go:480.4,481.13 2 1
github.com/kevinjos/goedf/edf.go:477.29,479.5 1 0
github.com/kevinjos/goedf/edf.go:488.57,491.16 3 1
github.com/kevinjos/goedf/edf.go:494.2,495.35 2 1
github.com/kevinjos/goedf/edf.go:505.2,505.12 1 1
github.com/kevinjos/goedf/edf.go:491.16,493.3 1 0
github.com/kevinjos/goedf/edf.go:495.35,496.32 1 1
github.com/kevinjos/goedf/edf.go:503.3,503.40 1 1
github.com/kevinjos/goedf/edf.go:496.32,497.29 1 1
github.com/kevinjos/goedf/edf.go:500.4,501.13 2 1
github.com/kevinjos/goedf/edf.go:497.29,499.5 1 0
github.com/kevinjos/goedf/edf.go:508.59,511.16 3 1
github.com/kevinjos/goedf/edf.go:514.2,515.41 2 1
github.com/kevinjos/goedf/edf.go:525.2,525.12 1 1
github.com/kevinjos/goedf/edf.go:511.16,513.3 1 0
github.com/kevinjos/goedf/edf.go:515.41,516.35 1 1
github.com/kevinjos/goedf/edf.go:523.3,523.43 1 1
github.com/kevinjos/goedf/edf.go:516.35,517.29 1 1
github.com/kevinjos/goedf/edf.go:520.4,521.13 2 1
github.com/kevinjos/goedf/edf.go:517.29,519.5 1 0
github.com/kevinjos/goedf/edf.go:528.59,531.16 3 1
github.com/kevinjos/goedf/edf.go:534.2,535.41 2 1
github.com/kevinjos/goedf/edf.go:545.2,545.12 1 1
github.com/kevinjos/goedf/edf.go:531.16,533.3 1 0
github.com/kevinjos/goedf/edf.go:535.41,536.35 1 1
github.com/kevinjos/goedf/edf.go:543.3,543.43 1 1
github.com/kevinjos/goedf/edf.go:536.35,537.29 1 1
github.com/kevinjos/goedf/edf.go:540.4,541.13 2 1
github.com/kevinjos/goedf/edf.go:537.29,539.5 1 0
github.com/kevinjos/goedf/edf.go:548.48,561.2 12 1
github.com/kevinjos/goedf/edf.go:563.35,574.2 10 1
github.com/kevinjos/goedf/edf.go:577.74,589.16 12 1
github.com/kevinjos/goedf/edf.go:592.2,592.26 1 1
github.com/kevinjos/goedf/edf.go:595.2,595.26 1 1
github.com/kevinjos/goedf/edf.go:598.2,598.26 1 1
github.com/kevinjos/goedf/edf.go:601.2,601.26 1 1
github.com/kevinjos/goedf/edf.go:604.2,604.26 1 1
github.com/kevinjos/goedf/edf.go:607.2,607.26 1 1
github.com/kevinjos/goedf/edf.go:610.2,610.26 1 1
github.com/kevinjos/goedf/edf.go:613.2,613.26 1 1
github.com/kevinjos/goedf/edf.go:616.2,616.26 1 1
github.com/kevinjos/goedf/edf.go:619.2,619.26 1 1
github.com/kevinjos/goedf/edf.go:622.2,623.17 2 1
github.com/kevinjos/goedf/edf.go:589.16,591.3 1 0
github.com/kevinjos/goedf/edf.go:592.26,594.3 1 1
github.com/kevinjos/goedf/edf.go:595.26,597.3 1 1
github.com/kevinjos/goedf/edf.go:598.26,600.3 1 1
github.com/kevinjos/goedf/edf.go:601.26,603.3 1 1
github.com/kevinjos/goedf/edf.go:604.26,606.3 1 1
github.com/kevinjos/goedf/edf.go:607.26,609.3 1 1
github.com/kevinjos/goedf/edf.go:610.26,612.3 1 1
github.com/kevinjos/goedf/edf.go:613.26,615.3 1 1
github.com/kevinjos/goedf/edf.go:616.26,618.3 1 1
github.com/kevinjos/goedf/edf.go:619.26,621.3 1 1
github.com/kevinjos/goedf/edf.go:626.48,648.2 21 1
github.com/kevinjos/goedf/edf.go:651.49,652.31 1 1
github.com/kevinjos/goedf/edf.go:652.31,654.3 1 1
github.com/kevinjos/goedf/edf.go:658.54,659.31 1 1
github.com/kevinjos/goedf/edf.go:659.31,661.3 1 1
github.com/kevinjos/goedf/edf.go:665.53,666.31 1 1
github.com/kevinjos/goedf/edf.go:666.31,668.3 1 1
github.com/kevinjos/goedf/edf.go:672.54,673.31 1 1
github.com/kevinjos/goedf/edf.go:673.31,675.3 1 1
github.com/kevinjos/goedf/edf.go:679.54,680.31 1 1
github.com/kevinjos/goedf/edf.go:680.31,682.3 1 1
github.com/kevinjos/goedf/edf.go:686.47,687.31 1 1
github.com/kevinjos/goedf/edf.go:687.31,689.3 1 1
github.com/kevinjos/goedf/edf.go:693.40,694.31 1 1
github.com/kevinjos/goedf/edf.go:694.31,696.3 1 1
github.com/kevinjos/goedf/edf.go:700.50,701.31 1 1
github.com/kevinjos/goedf/edf.go:701.31,703.3 1 1
github.com/kevinjos/goedf/edf.go:707.68,708.31 1 1
github.com/kevinjos/goedf/edf.go:708.31,710.3 1 1
github.com/kevinjos/goedf/edf.go:714.63,715.31 1 1
github.com/kevinjos/goedf/edf.go:715.31,717.3 1 1
github.com/kevinjos/goedf/edf.go:721.57,722.31 1 1
github.com/kevinjos/goedf/edf.go:722.31,724.3 1 1
github.com/kevinjos/goedf/edf.go:728.57,729.31 1 1
github.com/kevinjos/goedf/edf.go:729.31,731.3 1 1
github.com/kevinjos/goedf/edf.go:735.56,736.31 1 1
github.com/kevinjos/goedf/edf.go:736.31,738.3 1 1
github.com/kevinjos/goedf/edf.go:742.56,743.31 1 1
github.com/kevinjos/goedf/edf.go:743.31,745.3 1 1
github.com/kevinjos/goedf/edf.go:749.58,750.31 1 1
github.com/kevinjos/goedf/edf.go:750.31,752.3 1 1
github.com/kevinjos/goedf/edf.go:756.58,757.31 1 1
github.com/kevinjos/goedf/edf.go:757.31,759.3 1 1
github.com/kevinjos/goedf/edf.go:762.35,763.28 1 1
github.com/kevinjos/goedf/edf.go:763.28,765.3 1 1
github.com/kevinjos/goedf/edf.go:768.71,770.2 1 1
github.com/kevinjos/goedf/edf.go:772.50,774.30 2 1
github.com/kevinjos/goedf/edf.go:781.2,783.16 3 1
github.com/kevinjos/goedf/edf.go:786.2,786.15 1 1
github.com/kevinjos/goedf/edf.go:774.30,775.37 1 1
github.com/kevinjos/goedf/edf.go:779.3,779.26 1 1
github.com/kevinjos/goedf/edf.go:775.37,777.9 2 1
github.com/kevinjos/goedf/edf.go:783.16,785.3 1 0
